Determining if the pthread_create exist failed with the following output:
Change Dir: /home/graspinglab/carla-ros-bridge/Paresh-Soni-F110-2020/soni_f110_ws/build/CMakeFiles/CMakeTmp

Run Build Command:"/usr/bin/make" "cmTC_e1c2d/fast"
/usr/bin/make -f CMakeFiles/cmTC_e1c2d.dir/build.make CMakeFiles/cmTC_e1c2d.dir/build
make[1]: Entering directory '/home/graspinglab/carla-ros-bridge/Paresh-Soni-F110-2020/soni_f110_ws/build/CMakeFiles/CMakeTmp'
Building C object CMakeFiles/cmTC_e1c2d.dir/CheckSymbolExists.c.o
/usr/bin/cc    -o CMakeFiles/cmTC_e1c2d.dir/CheckSymbolExists.c.o   -c /home/graspinglab/carla-ros-bridge/Paresh-Soni-F110-2020/soni_f110_ws/build/CMakeFiles/CMakeTmp/CheckSymbolExists.c
Linking C executable cmTC_e1c2d
/usr/bin/cmake -E cmake_link_script CMakeFiles/cmTC_e1c2d.dir/link.txt --verbose=1
/usr/bin/cc      -rdynamic CMakeFiles/cmTC_e1c2d.dir/CheckSymbolExists.c.o  -o cmTC_e1c2d 
CMakeFiles/cmTC_e1c2d.dir/CheckSymbolExists.c.o: In function `main':
CheckSymbolExists.c:(.text+0x1b): undefined reference to `pthread_create'
collect2: error: ld returned 1 exit status
CMakeFiles/cmTC_e1c2d.dir/build.make:97: recipe for target 'cmTC_e1c2d' failed
make[1]: *** [cmTC_e1c2d] Error 1
make[1]: Leaving directory '/home/graspinglab/carla-ros-bridge/Paresh-Soni-F110-2020/soni_f110_ws/build/CMakeFiles/CMakeTmp'
Makefile:126: recipe for target 'cmTC_e1c2d/fast' failed
make: *** [cmTC_e1c2d/fast] Error 2

File /home/graspinglab/carla-ros-bridge/Paresh-Soni-F110-2020/soni_f110_ws/build/CMakeFiles/CMakeTmp/CheckSymbolExists.c:
/* */
#include <pthread.h>

int main(int argc, char** argv)
{
  (void)argv;
#ifndef pthread_create
  return ((int*)(&pthread_create))[argc];
#else
  (void)argc;
  return 0;
#endif
}

Determining if the function pthread_create exists in the pthreads failed with the following output:
Change Dir: /home/graspinglab/carla-ros-bridge/Paresh-Soni-F110-2020/soni_f110_ws/build/CMakeFiles/CMakeTmp

Run Build Command:"/usr/bin/make" "cmTC_446bf/fast"
/usr/bin/make -f CMakeFiles/cmTC_446bf.dir/build.make CMakeFiles/cmTC_446bf.dir/build
make[1]: Entering directory '/home/graspinglab/carla-ros-bridge/Paresh-Soni-F110-2020/soni_f110_ws/build/CMakeFiles/CMakeTmp'
Building C object CMakeFiles/cmTC_446bf.dir/CheckFunctionExists.c.o
/usr/bin/cc   -DCHECK_FUNCTION_EXISTS=pthread_create   -o CMakeFiles/cmTC_446bf.dir/CheckFunctionExists.c.o   -c /usr/share/cmake-3.10/Modules/CheckFunctionExists.c
Linking C executable cmTC_446bf
/usr/bin/cmake -E cmake_link_script CMakeFiles/cmTC_446bf.dir/link.txt --verbose=1
/usr/bin/cc  -DCHECK_FUNCTION_EXISTS=pthread_create    -rdynamic CMakeFiles/cmTC_446bf.dir/CheckFunctionExists.c.o  -o cmTC_446bf -lpthreads 
/usr/bin/ld: cannot find -lpthreads
collect2: error: ld returned 1 exit status
CMakeFiles/cmTC_446bf.dir/build.make:97: recipe for target 'cmTC_446bf' failed
make[1]: *** [cmTC_446bf] Error 1
make[1]: Leaving directory '/home/graspinglab/carla-ros-bridge/Paresh-Soni-F110-2020/soni_f110_ws/build/CMakeFiles/CMakeTmp'
Makefile:126: recipe for target 'cmTC_446bf/fast' failed
make: *** [cmTC_446bf/fast] Error 2


