Determining if the pthread_create exist failed with the following output:
Change Dir: /home/graspinglab/Autonomous_racing/Paresh-Soni-F110-2020/Ros-Lab/soni_ws/build/CMakeFiles/CMakeTmp

Run Build Command:"/usr/bin/make" "cmTC_f6271/fast"
/usr/bin/make -f CMakeFiles/cmTC_f6271.dir/build.make CMakeFiles/cmTC_f6271.dir/build
make[1]: Entering directory '/home/graspinglab/Autonomous_racing/Paresh-Soni-F110-2020/Ros-Lab/soni_ws/build/CMakeFiles/CMakeTmp'
Building C object CMakeFiles/cmTC_f6271.dir/CheckSymbolExists.c.o
/usr/bin/cc     -o CMakeFiles/cmTC_f6271.dir/CheckSymbolExists.c.o   -c /home/graspinglab/Autonomous_racing/Paresh-Soni-F110-2020/Ros-Lab/soni_ws/build/CMakeFiles/CMakeTmp/CheckSymbolExists.c
Linking C executable cmTC_f6271
/usr/bin/cmake -E cmake_link_script CMakeFiles/cmTC_f6271.dir/link.txt --verbose=1
/usr/bin/cc       CMakeFiles/cmTC_f6271.dir/CheckSymbolExists.c.o  -o cmTC_f6271 -rdynamic 
CMakeFiles/cmTC_f6271.dir/CheckSymbolExists.c.o: In function `main':
CheckSymbolExists.c:(.text+0x16): undefined reference to `pthread_create'
collect2: error: ld returned 1 exit status
CMakeFiles/cmTC_f6271.dir/build.make:97: recipe for target 'cmTC_f6271' failed
make[1]: *** [cmTC_f6271] Error 1
make[1]: Leaving directory '/home/graspinglab/Autonomous_racing/Paresh-Soni-F110-2020/Ros-Lab/soni_ws/build/CMakeFiles/CMakeTmp'
Makefile:126: recipe for target 'cmTC_f6271/fast' failed
make: *** [cmTC_f6271/fast] Error 2

File /home/graspinglab/Autonomous_racing/Paresh-Soni-F110-2020/Ros-Lab/soni_ws/build/CMakeFiles/CMakeTmp/CheckSymbolExists.c:
/* */
#include <pthread.h>

int main(int argc, char** argv)
{
  (void)argv;
#ifndef pthread_create
  return ((int*)(&pthread_create))[argc];
#else
  (void)argc;
  return 0;
#endif
}

Determining if the function pthread_create exists in the pthreads failed with the following output:
Change Dir: /home/graspinglab/Autonomous_racing/Paresh-Soni-F110-2020/Ros-Lab/soni_ws/build/CMakeFiles/CMakeTmp

Run Build Command:"/usr/bin/make" "cmTC_e29bb/fast"
/usr/bin/make -f CMakeFiles/cmTC_e29bb.dir/build.make CMakeFiles/cmTC_e29bb.dir/build
make[1]: Entering directory '/home/graspinglab/Autonomous_racing/Paresh-Soni-F110-2020/Ros-Lab/soni_ws/build/CMakeFiles/CMakeTmp'
Building C object CMakeFiles/cmTC_e29bb.dir/CheckFunctionExists.c.o
/usr/bin/cc    -DCHECK_FUNCTION_EXISTS=pthread_create   -o CMakeFiles/cmTC_e29bb.dir/CheckFunctionExists.c.o   -c /usr/share/cmake-3.5/Modules/CheckFunctionExists.c
Linking C executable cmTC_e29bb
/usr/bin/cmake -E cmake_link_script CMakeFiles/cmTC_e29bb.dir/link.txt --verbose=1
/usr/bin/cc   -DCHECK_FUNCTION_EXISTS=pthread_create    CMakeFiles/cmTC_e29bb.dir/CheckFunctionExists.c.o  -o cmTC_e29bb -rdynamic -lpthreads 
/usr/bin/ld: cannot find -lpthreads
collect2: error: ld returned 1 exit status
CMakeFiles/cmTC_e29bb.dir/build.make:97: recipe for target 'cmTC_e29bb' failed
make[1]: *** [cmTC_e29bb] Error 1
make[1]: Leaving directory '/home/graspinglab/Autonomous_racing/Paresh-Soni-F110-2020/Ros-Lab/soni_ws/build/CMakeFiles/CMakeTmp'
Makefile:126: recipe for target 'cmTC_e29bb/fast' failed
make: *** [cmTC_e29bb/fast] Error 2


